{
  "stats": {
    "suites": 2,
    "tests": 20,
    "passes": 20,
    "pending": 0,
    "failures": 0,
    "start": "2022-11-21T09:39:03.923Z",
    "end": "2022-11-21T09:41:30.208Z",
    "duration": 146285,
    "testsRegistered": 20,
    "passPercent": 100,
    "pendingPercent": 0,
    "other": 0,
    "hasOther": false,
    "skipped": 0,
    "hasSkipped": false,
    "passPercentClass": "success",
    "pendingPercentClass": "danger"
  },
  "suites": {
    "uuid": "b3abc590-1915-4c3f-b594-fc7105f6e24e",
    "title": "",
    "fullFile": "",
    "file": "",
    "beforeHooks": [],
    "afterHooks": [],
    "tests": [],
    "suites": [
      {
        "uuid": "705e0623-81e8-49fe-84bd-fe44bf013143",
        "title": "Orange delete employee test",
        "fullFile": "D:\\DH\\N4\\KTPM\\BTCN3\\Source\\Automation-With-Selenium-And-Node.js\\test\\deleteEmployee.test.js",
        "file": "\\test\\deleteEmployee.test.js",
        "beforeHooks": [
          {
            "title": "\"before each\" hook",
            "fullTitle": "Orange delete employee test \"before each\" hook",
            "timedOut": false,
            "duration": 3419,
            "pass": false,
            "fail": false,
            "pending": false,
            "code": "page = new Page();\ndriver = page.driver;\nawait page.visit('http://localhost/orangehrm-5.1/web/index.php/auth/login');\nawait page.login(account.username, account.password);",
            "err": {},
            "isRoot": false,
            "uuid": "120a9824-fb4d-4029-8b3d-6e41ce19a08b",
            "isHook": true,
            "skipped": false
          }
        ],
        "afterHooks": [
          {
            "title": "\"after each\" hook",
            "fullTitle": "Orange delete employee test \"after each\" hook",
            "timedOut": false,
            "duration": 220,
            "pass": false,
            "fail": false,
            "pending": false,
            "code": "await page.quit();",
            "err": {},
            "isRoot": false,
            "uuid": "2aa73945-829f-4065-af2e-27a7815dfcc3",
            "isHook": true,
            "skipped": false
          }
        ],
        "tests": [
          {
            "title": "Xóa nhân viên: 000001",
            "fullTitle": "Orange delete employee test Xóa nhân viên: 000001",
            "timedOut": false,
            "duration": 6330,
            "state": "passed",
            "speed": "slow",
            "pass": true,
            "fail": false,
            "pending": false,
            "code": "const deleteResult = await page.deleteEmployee(deleteEmployeeTestcase[i]);\nexpect(deleteResult.length).to.be.above(1);",
            "err": {},
            "isRoot": false,
            "uuid": "b550ec74-41b1-4490-b31f-645d9903e9ea",
            "isHook": false,
            "skipped": false
          },
          {
            "title": "Xóa nhân viên: 000002",
            "fullTitle": "Orange delete employee test Xóa nhân viên: 000002",
            "timedOut": false,
            "duration": 6117,
            "state": "passed",
            "speed": "slow",
            "pass": true,
            "fail": false,
            "pending": false,
            "code": "const deleteResult = await page.deleteEmployee(deleteEmployeeTestcase[i]);\nexpect(deleteResult.length).to.be.above(1);",
            "err": {},
            "isRoot": false,
            "uuid": "ad5781c4-f2f5-40ea-a6de-9155b9bd841a",
            "isHook": false,
            "skipped": false
          },
          {
            "title": "Xóa nhân viên: 000003",
            "fullTitle": "Orange delete employee test Xóa nhân viên: 000003",
            "timedOut": false,
            "duration": 6539,
            "state": "passed",
            "speed": "slow",
            "pass": true,
            "fail": false,
            "pending": false,
            "code": "const deleteResult = await page.deleteEmployee(deleteEmployeeTestcase[i]);\nexpect(deleteResult.length).to.be.above(1);",
            "err": {},
            "isRoot": false,
            "uuid": "296dd175-4965-4ff8-a0a4-d3bfb0d23436",
            "isHook": false,
            "skipped": false
          },
          {
            "title": "Xóa nhân viên: 000004",
            "fullTitle": "Orange delete employee test Xóa nhân viên: 000004",
            "timedOut": false,
            "duration": 6231,
            "state": "passed",
            "speed": "slow",
            "pass": true,
            "fail": false,
            "pending": false,
            "code": "const deleteResult = await page.deleteEmployee(deleteEmployeeTestcase[i]);\nexpect(deleteResult.length).to.be.above(1);",
            "err": {},
            "isRoot": false,
            "uuid": "e267f828-dff8-4464-9e8b-4ea604561472",
            "isHook": false,
            "skipped": false
          },
          {
            "title": "Xóa nhân viên: 000005",
            "fullTitle": "Orange delete employee test Xóa nhân viên: 000005",
            "timedOut": false,
            "duration": 6280,
            "state": "passed",
            "speed": "slow",
            "pass": true,
            "fail": false,
            "pending": false,
            "code": "const deleteResult = await page.deleteEmployee(deleteEmployeeTestcase[i]);\nexpect(deleteResult.length).to.be.above(1);",
            "err": {},
            "isRoot": false,
            "uuid": "3324b61d-e0f0-41a9-b1a6-b8c664831841",
            "isHook": false,
            "skipped": false
          },
          {
            "title": "Xóa nhân viên: 000006",
            "fullTitle": "Orange delete employee test Xóa nhân viên: 000006",
            "timedOut": false,
            "duration": 6350,
            "state": "passed",
            "speed": "slow",
            "pass": true,
            "fail": false,
            "pending": false,
            "code": "const deleteResult = await page.deleteEmployee(deleteEmployeeTestcase[i]);\nexpect(deleteResult.length).to.be.above(1);",
            "err": {},
            "isRoot": false,
            "uuid": "4e5d9401-61f4-43d7-bbb2-e56a690e531e",
            "isHook": false,
            "skipped": false
          },
          {
            "title": "Xóa nhân viên: 000007",
            "fullTitle": "Orange delete employee test Xóa nhân viên: 000007",
            "timedOut": false,
            "duration": 6424,
            "state": "passed",
            "speed": "slow",
            "pass": true,
            "fail": false,
            "pending": false,
            "code": "const deleteResult = await page.deleteEmployee(deleteEmployeeTestcase[i]);\nexpect(deleteResult.length).to.be.above(1);",
            "err": {},
            "isRoot": false,
            "uuid": "1c2b4d5f-3007-4950-b00a-bad2a3f5fdff",
            "isHook": false,
            "skipped": false
          },
          {
            "title": "Xóa nhân viên: 000008",
            "fullTitle": "Orange delete employee test Xóa nhân viên: 000008",
            "timedOut": false,
            "duration": 6683,
            "state": "passed",
            "speed": "slow",
            "pass": true,
            "fail": false,
            "pending": false,
            "code": "const deleteResult = await page.deleteEmployee(deleteEmployeeTestcase[i]);\nexpect(deleteResult.length).to.be.above(1);",
            "err": {},
            "isRoot": false,
            "uuid": "ad79272f-1532-4f8f-85d0-3802efc600cd",
            "isHook": false,
            "skipped": false
          },
          {
            "title": "Xóa nhân viên: 000009",
            "fullTitle": "Orange delete employee test Xóa nhân viên: 000009",
            "timedOut": false,
            "duration": 6051,
            "state": "passed",
            "speed": "slow",
            "pass": true,
            "fail": false,
            "pending": false,
            "code": "const deleteResult = await page.deleteEmployee(deleteEmployeeTestcase[i]);\nexpect(deleteResult.length).to.be.above(1);",
            "err": {},
            "isRoot": false,
            "uuid": "d65c376d-94ee-4ead-aa3a-674be6183087",
            "isHook": false,
            "skipped": false
          },
          {
            "title": "Xóa nhân viên: 000010",
            "fullTitle": "Orange delete employee test Xóa nhân viên: 000010",
            "timedOut": false,
            "duration": 6477,
            "state": "passed",
            "speed": "slow",
            "pass": true,
            "fail": false,
            "pending": false,
            "code": "const deleteResult = await page.deleteEmployee(deleteEmployeeTestcase[i]);\nexpect(deleteResult.length).to.be.above(1);",
            "err": {},
            "isRoot": false,
            "uuid": "4818ad32-af98-4791-ae29-d5a3180acd9b",
            "isHook": false,
            "skipped": false
          }
        ],
        "suites": [],
        "passes": [
          "b550ec74-41b1-4490-b31f-645d9903e9ea",
          "ad5781c4-f2f5-40ea-a6de-9155b9bd841a",
          "296dd175-4965-4ff8-a0a4-d3bfb0d23436",
          "e267f828-dff8-4464-9e8b-4ea604561472",
          "3324b61d-e0f0-41a9-b1a6-b8c664831841",
          "4e5d9401-61f4-43d7-bbb2-e56a690e531e",
          "1c2b4d5f-3007-4950-b00a-bad2a3f5fdff",
          "ad79272f-1532-4f8f-85d0-3802efc600cd",
          "d65c376d-94ee-4ead-aa3a-674be6183087",
          "4818ad32-af98-4791-ae29-d5a3180acd9b"
        ],
        "failures": [],
        "pending": [],
        "skipped": [],
        "duration": 63482,
        "root": false,
        "rootEmpty": false,
        "_timeout": 50000
      },
      {
        "uuid": "148dffe2-8fae-44a6-a245-a63408ede2ad",
        "title": "Orange login test",
        "fullFile": "D:\\DH\\N4\\KTPM\\BTCN3\\Source\\Automation-With-Selenium-And-Node.js\\test\\login.test.js",
        "file": "\\test\\login.test.js",
        "beforeHooks": [
          {
            "title": "\"before each\" hook",
            "fullTitle": "Orange login test \"before each\" hook",
            "timedOut": false,
            "duration": 2757,
            "pass": false,
            "fail": false,
            "pending": false,
            "code": "page = new Page();\ndriver = page.driver;\nawait page.visit('http://localhost/orangehrm-5.1/web/index.php/auth/login');",
            "err": {},
            "isRoot": false,
            "uuid": "9de85c03-b704-452f-a89d-4b888e523ea3",
            "isHook": true,
            "skipped": false
          }
        ],
        "afterHooks": [
          {
            "title": "\"after each\" hook",
            "fullTitle": "Orange login test \"after each\" hook",
            "timedOut": false,
            "duration": 161,
            "pass": false,
            "fail": false,
            "pending": false,
            "code": "await page.quit();",
            "err": {},
            "isRoot": false,
            "uuid": "2dd83d11-9043-4ad7-baa7-3e457c189c8f",
            "isHook": true,
            "skipped": false
          }
        ],
        "tests": [
          {
            "title": "Testcase: Tài khoản không tồn tại",
            "fullTitle": "Orange login test Testcase: Tài khoản không tồn tại",
            "timedOut": false,
            "duration": 2059,
            "state": "passed",
            "speed": "slow",
            "pass": true,
            "fail": false,
            "pending": false,
            "code": "const result = await page.findInputAndButton();\nconst loginResult = await page.submitAndGetResult(loginTestcases[i].checkName, loginTestcases[i]);\nexpect(loginResult.length).to.be.above(1);",
            "err": {},
            "isRoot": false,
            "uuid": "f317375a-7a9f-4df0-be4c-2424fe10dd43",
            "isHook": false,
            "skipped": false
          },
          {
            "title": "Testcase: Tài khoản không tồn tại",
            "fullTitle": "Orange login test Testcase: Tài khoản không tồn tại",
            "timedOut": false,
            "duration": 1978,
            "state": "passed",
            "speed": "slow",
            "pass": true,
            "fail": false,
            "pending": false,
            "code": "const result = await page.findInputAndButton();\nconst loginResult = await page.submitAndGetResult(loginTestcases[i].checkName, loginTestcases[i]);\nexpect(loginResult.length).to.be.above(1);",
            "err": {},
            "isRoot": false,
            "uuid": "fc2fd729-1ca7-4743-9195-f61c57acfff9",
            "isHook": false,
            "skipped": false
          },
          {
            "title": "Testcase: Tài khoản không tồn tại",
            "fullTitle": "Orange login test Testcase: Tài khoản không tồn tại",
            "timedOut": false,
            "duration": 2036,
            "state": "passed",
            "speed": "slow",
            "pass": true,
            "fail": false,
            "pending": false,
            "code": "const result = await page.findInputAndButton();\nconst loginResult = await page.submitAndGetResult(loginTestcases[i].checkName, loginTestcases[i]);\nexpect(loginResult.length).to.be.above(1);",
            "err": {},
            "isRoot": false,
            "uuid": "c37ae645-b9ec-4db7-823b-d72369ef0346",
            "isHook": false,
            "skipped": false
          },
          {
            "title": "Testcase: bỏ trống tên đăng nhập",
            "fullTitle": "Orange login test Testcase: bỏ trống tên đăng nhập",
            "timedOut": false,
            "duration": 928,
            "state": "passed",
            "speed": "slow",
            "pass": true,
            "fail": false,
            "pending": false,
            "code": "const result = await page.findInputAndButton();\nconst loginResult = await page.submitAndGetResult(loginTestcases[i].checkName, loginTestcases[i]);\nexpect(loginResult.length).to.be.above(1);",
            "err": {},
            "isRoot": false,
            "uuid": "c9446a62-6318-45b8-aff6-435e88d86e8f",
            "isHook": false,
            "skipped": false
          },
          {
            "title": "Testcase: bỏ trống tên đăng nhập",
            "fullTitle": "Orange login test Testcase: bỏ trống tên đăng nhập",
            "timedOut": false,
            "duration": 909,
            "state": "passed",
            "speed": "slow",
            "pass": true,
            "fail": false,
            "pending": false,
            "code": "const result = await page.findInputAndButton();\nconst loginResult = await page.submitAndGetResult(loginTestcases[i].checkName, loginTestcases[i]);\nexpect(loginResult.length).to.be.above(1);",
            "err": {},
            "isRoot": false,
            "uuid": "3d0fd023-762a-4cda-a11e-f58a91a33564",
            "isHook": false,
            "skipped": false
          },
          {
            "title": "Testcase: bỏ trống tên đăng nhập",
            "fullTitle": "Orange login test Testcase: bỏ trống tên đăng nhập",
            "timedOut": false,
            "duration": 958,
            "state": "passed",
            "speed": "slow",
            "pass": true,
            "fail": false,
            "pending": false,
            "code": "const result = await page.findInputAndButton();\nconst loginResult = await page.submitAndGetResult(loginTestcases[i].checkName, loginTestcases[i]);\nexpect(loginResult.length).to.be.above(1);",
            "err": {},
            "isRoot": false,
            "uuid": "8e1b0916-0201-4e9a-93f4-eeb8bf32cbff",
            "isHook": false,
            "skipped": false
          },
          {
            "title": "Testcase: Sai mật khẩu",
            "fullTitle": "Orange login test Testcase: Sai mật khẩu",
            "timedOut": false,
            "duration": 2472,
            "state": "passed",
            "speed": "slow",
            "pass": true,
            "fail": false,
            "pending": false,
            "code": "const result = await page.findInputAndButton();\nconst loginResult = await page.submitAndGetResult(loginTestcases[i].checkName, loginTestcases[i]);\nexpect(loginResult.length).to.be.above(1);",
            "err": {},
            "isRoot": false,
            "uuid": "20ac4111-e7df-48aa-931b-77fcfe6ee14a",
            "isHook": false,
            "skipped": false
          },
          {
            "title": "Testcase: Sai mật khẩu",
            "fullTitle": "Orange login test Testcase: Sai mật khẩu",
            "timedOut": false,
            "duration": 2666,
            "state": "passed",
            "speed": "slow",
            "pass": true,
            "fail": false,
            "pending": false,
            "code": "const result = await page.findInputAndButton();\nconst loginResult = await page.submitAndGetResult(loginTestcases[i].checkName, loginTestcases[i]);\nexpect(loginResult.length).to.be.above(1);",
            "err": {},
            "isRoot": false,
            "uuid": "b1009baa-aa2c-499d-8eaf-4932b76764db",
            "isHook": false,
            "skipped": false
          },
          {
            "title": "Testcase: Đăng nhập thành công",
            "fullTitle": "Orange login test Testcase: Đăng nhập thành công",
            "timedOut": false,
            "duration": 3675,
            "state": "passed",
            "speed": "slow",
            "pass": true,
            "fail": false,
            "pending": false,
            "code": "const result = await page.findInputAndButton();\nconst loginResult = await page.submitAndGetResult(loginTestcases[i].checkName, loginTestcases[i]);\nexpect(loginResult.length).to.be.above(1);",
            "err": {},
            "isRoot": false,
            "uuid": "0b9170b4-cc67-4277-9a28-a31096dcd71e",
            "isHook": false,
            "skipped": false
          },
          {
            "title": "Testcase: Tài khoản không tồn tại",
            "fullTitle": "Orange login test Testcase: Tài khoản không tồn tại",
            "timedOut": false,
            "duration": 2290,
            "state": "passed",
            "speed": "slow",
            "pass": true,
            "fail": false,
            "pending": false,
            "code": "const result = await page.findInputAndButton();\nconst loginResult = await page.submitAndGetResult(loginTestcases[i].checkName, loginTestcases[i]);\nexpect(loginResult.length).to.be.above(1);",
            "err": {},
            "isRoot": false,
            "uuid": "56f9821e-0c5c-456b-9d46-5ae9aa604f8e",
            "isHook": false,
            "skipped": false
          }
        ],
        "suites": [],
        "passes": [
          "f317375a-7a9f-4df0-be4c-2424fe10dd43",
          "fc2fd729-1ca7-4743-9195-f61c57acfff9",
          "c37ae645-b9ec-4db7-823b-d72369ef0346",
          "c9446a62-6318-45b8-aff6-435e88d86e8f",
          "3d0fd023-762a-4cda-a11e-f58a91a33564",
          "8e1b0916-0201-4e9a-93f4-eeb8bf32cbff",
          "20ac4111-e7df-48aa-931b-77fcfe6ee14a",
          "b1009baa-aa2c-499d-8eaf-4932b76764db",
          "0b9170b4-cc67-4277-9a28-a31096dcd71e",
          "56f9821e-0c5c-456b-9d46-5ae9aa604f8e"
        ],
        "failures": [],
        "pending": [],
        "skipped": [],
        "duration": 19971,
        "root": false,
        "rootEmpty": false,
        "_timeout": 50000
      }
    ],
    "passes": [],
    "failures": [],
    "pending": [],
    "skipped": [],
    "duration": 0,
    "root": true,
    "rootEmpty": true,
    "_timeout": 2000
  },
  "copyrightYear": 2022
}