{
  "stats": {
    "suites": 1,
    "tests": 4,
    "passes": 4,
    "pending": 0,
    "failures": 0,
    "start": "2022-11-20T14:50:37.851Z",
    "end": "2022-11-20T14:50:49.663Z",
    "duration": 11812,
    "testsRegistered": 4,
    "passPercent": 100,
    "pendingPercent": 0,
    "other": 0,
    "hasOther": false,
    "skipped": 0,
    "hasSkipped": false,
    "passPercentClass": "success",
    "pendingPercentClass": "danger"
  },
  "suites": {
    "uuid": "9d3293d7-8266-4385-88bd-f6af57aae9b5",
    "title": "",
    "fullFile": "",
    "file": "",
    "beforeHooks": [],
    "afterHooks": [],
    "tests": [],
    "suites": [
      {
        "uuid": "d24884b2-07fe-40fe-acba-69a2666b4677",
        "title": "Google search automated testing",
        "fullFile": "D:\\DH\\N4\\KTPM\\BTCN3\\Source\\Automation-With-Selenium-And-Node.js\\test\\login.test.js",
        "file": "\\test\\login.test.js",
        "beforeHooks": [
          {
            "title": "\"before each\" hook",
            "fullTitle": "Google search automated testing \"before each\" hook",
            "timedOut": false,
            "duration": 1378,
            "pass": false,
            "fail": false,
            "pending": false,
            "code": "page = new Page();\ndriver = page.driver;\nawait page.visit('http://localhost/orangehrm-5.1/web/index.php/auth/login');",
            "err": {},
            "isRoot": false,
            "uuid": "b0aace60-41cb-4e60-9b02-9593de3f8474",
            "isHook": true,
            "skipped": false
          }
        ],
        "afterHooks": [
          {
            "title": "\"after each\" hook",
            "fullTitle": "Google search automated testing \"after each\" hook",
            "timedOut": false,
            "duration": 133,
            "pass": false,
            "fail": false,
            "pending": false,
            "code": "await page.quit();",
            "err": {},
            "isRoot": false,
            "uuid": "23716a11-ff6c-4124-a309-5c03f619e9ae",
            "isHook": true,
            "skipped": false
          }
        ],
        "tests": [
          {
            "title": "Testcase: Tài khoản không tồn tại",
            "fullTitle": "Google search automated testing Testcase: Tài khoản không tồn tại",
            "timedOut": false,
            "duration": 1454,
            "state": "passed",
            "speed": "slow",
            "pass": true,
            "fail": false,
            "pending": false,
            "code": "const result = await page.findInputAndButton();\nconst loginResult = await page.submitAndGetResult(loginTestcases[i].checkName, loginTestcases[i]);\nexpect(loginResult.length).to.be.above(1);",
            "err": {},
            "isRoot": false,
            "uuid": "d619db0c-59e5-4404-85d2-5fd57049d6cc",
            "isHook": false,
            "skipped": false
          },
          {
            "title": "Testcase: bỏ trống tên đăng nhập",
            "fullTitle": "Google search automated testing Testcase: bỏ trống tên đăng nhập",
            "timedOut": false,
            "duration": 596,
            "state": "passed",
            "speed": "slow",
            "pass": true,
            "fail": false,
            "pending": false,
            "code": "const result = await page.findInputAndButton();\nconst loginResult = await page.submitAndGetResult(loginTestcases[i].checkName, loginTestcases[i]);\nexpect(loginResult.length).to.be.above(1);",
            "err": {},
            "isRoot": false,
            "uuid": "b1013bc6-2d11-442b-a455-d786e8f76656",
            "isHook": false,
            "skipped": false
          },
          {
            "title": "Testcase: Sai mật khẩu",
            "fullTitle": "Google search automated testing Testcase: Sai mật khẩu",
            "timedOut": false,
            "duration": 1670,
            "state": "passed",
            "speed": "slow",
            "pass": true,
            "fail": false,
            "pending": false,
            "code": "const result = await page.findInputAndButton();\nconst loginResult = await page.submitAndGetResult(loginTestcases[i].checkName, loginTestcases[i]);\nexpect(loginResult.length).to.be.above(1);",
            "err": {},
            "isRoot": false,
            "uuid": "8e2b9c7f-cebc-4dd3-993d-4105b9905de4",
            "isHook": false,
            "skipped": false
          },
          {
            "title": "Testcase: Đăng nhập thành công",
            "fullTitle": "Google search automated testing Testcase: Đăng nhập thành công",
            "timedOut": false,
            "duration": 2333,
            "state": "passed",
            "speed": "slow",
            "pass": true,
            "fail": false,
            "pending": false,
            "code": "const result = await page.findInputAndButton();\nconst loginResult = await page.submitAndGetResult(loginTestcases[i].checkName, loginTestcases[i]);\nexpect(loginResult.length).to.be.above(1);",
            "err": {},
            "isRoot": false,
            "uuid": "af54157e-6a31-4b41-aad1-9b416ec024ed",
            "isHook": false,
            "skipped": false
          }
        ],
        "suites": [],
        "passes": [
          "d619db0c-59e5-4404-85d2-5fd57049d6cc",
          "b1013bc6-2d11-442b-a455-d786e8f76656",
          "8e2b9c7f-cebc-4dd3-993d-4105b9905de4",
          "af54157e-6a31-4b41-aad1-9b416ec024ed"
        ],
        "failures": [],
        "pending": [],
        "skipped": [],
        "duration": 6053,
        "root": false,
        "rootEmpty": false,
        "_timeout": 50000
      }
    ],
    "passes": [],
    "failures": [],
    "pending": [],
    "skipped": [],
    "duration": 0,
    "root": true,
    "rootEmpty": true,
    "_timeout": 2000
  },
  "copyrightYear": 2022
}